Arguments: 
  /Users/huzhang/.nvm/versions/node/v18.14.0/bin/node /usr/local/bin/yarn build

PATH: 
  /Users/huzhang/.nvm/versions/node/v18.14.0/bin:/Users/huzhang/.deno/bin:/usr/local/bin:/usr/local/bin:/usr/bin:/bin:/usr/sbin:/sbin:/Library/Apple/usr/bin:/var/bin:/Users/huzhang/Desktop/khzWorkspace/apache-maven-3.5.2/bin

Yarn version: 
  1.12.3

Node version: 
  18.14.0

Platform: 
  darwin x64

Trace: 
  SyntaxError: /Users/huzhang/Desktop/wmWorkspace/mnew/skedo/packages/wedo-utils/package.json: Unexpected string in JSON at position 183
      at JSON.parse (<anonymous>)
      at /usr/local/lib/node_modules/yarn/lib/cli.js:1631:59
      at Generator.next (<anonymous>)
      at step (/usr/local/lib/node_modules/yarn/lib/cli.js:304:30)
      at /usr/local/lib/node_modules/yarn/lib/cli.js:315:13

npm manifest: 
  {
    "name": "@wedo/utils",
    "version": "1.0.0",
    "description": "",
    "main": "lib/index.js",
    "types": "lib/index.d.ts",
    "files": ["lib"],
    "scripts": {
      "build": "tsc"
      "test": "echo \"Error: no test specified\" && exit 1"
    },
    "publishConfig": {
      "access": "public"
    },
    "keywords": [],
    "author": "huzhang",
    "license": "ISC",
    "peerDependencies": {
      "rxjs": "^7.5.6"
    }
  }

yarn manifest: 
  No manifest

Lockfile: 
  # THIS IS AN AUTOGENERATED FILE. DO NOT EDIT THIS FILE DIRECTLY.
  # yarn lockfile v1
  
  
  rxjs@^7.5.6:
    version "7.5.6"
    resolved "http://npm-reg.devops.ichoice.cc/rxjs/-/rxjs-7.5.6.tgz#0446577557862afd6903517ce7cae79ecb9662bc"
    integrity sha512-dnyv2/YsXhnm461G+R/Pe5bWP41Nm6LBXEYWI6eiFP4fiwx6WRI/CD0zbdVAudd9xwLEF2IDcKXLHit0FYjUzw==
    dependencies:
      tslib "^2.1.0"
  
  tslib@^2.1.0:
    version "2.4.0"
    resolved "http://npm-reg.devops.ichoice.cc/tslib/-/tslib-2.4.0.tgz#7cecaa7f073ce680a05847aa77be941098f36dc3"
    integrity sha512-d6xOpEDfsi2CZVlPQzGeux8XMwLT9hssAsaPYExaQMuYskwb+x1x7J371tWlbBdWHroy99KnVB6qIkUbs5X3UQ==
